<?xml version="1.0" encoding="UTF-8"?>
<testng-results skipped="0" failed="0" ignored="0" total="1" passed="1">
  <reporter-output>
  </reporter-output>
  <suite name="Default suite" duration-ms="27757" started-at="2020-03-12T07:00:02Z" finished-at="2020-03-12T07:00:30Z">
    <groups>
    </groups>
    <test name="Default test" duration-ms="27757" started-at="2020-03-12T07:00:02Z" finished-at="2020-03-12T07:00:30Z">
      <class name="com.cts.test.DownloadTest">
        <test-method status="PASS" signature="setup(java.lang.String)[pri:0, instance:com.cts.test.DownloadTest@4c70fda8]" name="setup" is-config="true" duration-ms="18318" started-at="2020-03-12T07:00:02Z" finished-at="2020-03-12T07:00:20Z">
          <params>
            <param index="0">
              <value>
                <![CDATA[ch]]>
              </value>
            </param>
          </params>
          <reporter-output>
          </reporter-output>
        </test-method> <!-- setup -->
        <test-method status="PASS" signature="Initialization()[pri:0, instance:com.cts.test.DownloadTest@4c70fda8]" name="Initialization" duration-ms="8026" started-at="2020-03-12T07:00:20Z" finished-at="2020-03-12T07:00:28Z">
          <reporter-output>
          </reporter-output>
        </test-method> <!-- Initialization -->
        <test-method status="PASS" signature="tearDown()[pri:0, instance:com.cts.test.DownloadTest@4c70fda8]" name="tearDown" is-config="true" duration-ms="1344" started-at="2020-03-12T07:00:28Z" finished-at="2020-03-12T07:00:30Z">
          <reporter-output>
          </reporter-output>
        </test-method> <!-- tearDown -->
      </class> <!-- com.cts.test.DownloadTest -->
    </test> <!-- Default test -->
  </suite> <!-- Default suite -->
</testng-results>
